app/build/intermediates/manifest_merge_blame_file/debug/processDebugMainManifest/manifest-merger-blame-debug-report.txt
1<?xml version="1.0" encoding="utf-8"?>
2<manifest xmlns:android="http://schemas.android.com/apk/res/android"
3    package="com.pixelspore.grefsenveien"
4    android:versionCode="5"
5    android:versionName="2.2" >
6
7    <uses-sdk
8        android:minSdkVersion="23"
9        android:targetSdkVersion="35" />
10
11    <!-- Permissions for internet access -->
12    <uses-permission android:name="android.permission.INTERNET" />
12-->src/main/AndroidManifest.xml:5:5-67
12-->src/main/AndroidManifest.xml:5:22-64
13    <!-- Tillatelse for å tegne direkte på skjermen ("Surface") i Android Auto -->
14    <uses-permission android:name="androidx.car.app.ACCESS_SURFACE" />
14-->src/main/AndroidManifest.xml:7:5-71
14-->src/main/AndroidManifest.xml:7:22-68
15    <uses-permission android:name="androidx.car.app.NAVIGATION_TEMPLATES" />
15-->src/main/AndroidManifest.xml:8:5-77
15-->src/main/AndroidManifest.xml:8:22-74
16
17    <queries>
17-->[androidx.car.app:app:1.4.0] AndroidManifest.xml:23:5-28:15
18        <provider
18-->[androidx.car.app:app:1.4.0] AndroidManifest.xml:24:9-27:43
19            android:name="androidx.car.app.connection.provider"
19-->[androidx.car.app:app:1.4.0] AndroidManifest.xml:25:13-64
20            android:authorities="androidx.car.app.connection" />
20-->[androidx.car.app:app:1.4.0] AndroidManifest.xml:26:13-62
21    </queries>
22
23    <permission
23-->[androidx.core:core:1.9.0] AndroidManifest.xml:22:5-24:47
24        android:name="com.pixelspore.grefsenveien.DYNAMIC_RECEIVER_NOT_EXPORTED_PERMISSION"
24-->[androidx.core:core:1.9.0] AndroidManifest.xml:23:9-81
25        android:protectionLevel="signature" />
25-->[androidx.core:core:1.9.0] AndroidManifest.xml:24:9-44
26
27    <uses-permission android:name="com.pixelspore.grefsenveien.DYNAMIC_RECEIVER_NOT_EXPORTED_PERMISSION" />
27-->[androidx.core:core:1.9.0] AndroidManifest.xml:26:5-97
27-->[androidx.core:core:1.9.0] AndroidManifest.xml:26:22-94
28
29    <application
29-->src/main/AndroidManifest.xml:11:5-43:19
30        android:allowBackup="true"
30-->src/main/AndroidManifest.xml:12:9-35
31        android:appComponentFactory="androidx.core.app.CoreComponentFactory"
31-->[androidx.core:core:1.9.0] AndroidManifest.xml:28:18-86
32        android:debuggable="true"
33        android:extractNativeLibs="false"
34        android:icon="@mipmap/ic_app_launcher"
34-->src/main/AndroidManifest.xml:13:9-47
35        android:label="@string/app_name"
35-->src/main/AndroidManifest.xml:14:9-41
36        android:theme="@style/Theme.MaterialComponents.DayNight.NoActionBar" >
36-->src/main/AndroidManifest.xml:15:9-77
37
38        <!-- Main Activity for phone UI -->
39        <activity
39-->src/main/AndroidManifest.xml:18:9-25:20
40            android:name="com.pixelspore.grefsenveien.MainActivity"
40-->src/main/AndroidManifest.xml:19:13-41
41            android:exported="true" >
41-->src/main/AndroidManifest.xml:20:13-36
42            <intent-filter>
42-->src/main/AndroidManifest.xml:21:13-24:29
43                <action android:name="android.intent.action.MAIN" />
43-->src/main/AndroidManifest.xml:22:17-69
43-->src/main/AndroidManifest.xml:22:25-66
44
45                <category android:name="android.intent.category.LAUNCHER" />
45-->src/main/AndroidManifest.xml:23:17-77
45-->src/main/AndroidManifest.xml:23:27-74
46            </intent-filter>
47        </activity>
48
49        <service
49-->src/main/AndroidManifest.xml:27:9-34:19
50            android:name="com.pixelspore.grefsenveien.CarAppService"
50-->src/main/AndroidManifest.xml:28:13-42
51            android:exported="true" >
51-->src/main/AndroidManifest.xml:29:13-36
52            <intent-filter>
52-->src/main/AndroidManifest.xml:30:13-33:29
53                <action android:name="androidx.car.app.CarAppService" />
53-->src/main/AndroidManifest.xml:31:17-73
53-->src/main/AndroidManifest.xml:31:25-70
54
55                <category android:name="androidx.car.app.category.NAVIGATION" />
55-->src/main/AndroidManifest.xml:32:17-81
55-->src/main/AndroidManifest.xml:32:27-78
56            </intent-filter>
57        </service>
58
59        <!-- Android Auto metadata -->
60        <meta-data
60-->src/main/AndroidManifest.xml:37:9-39:33
61            android:name="androidx.car.app.minCarApiLevel"
61-->src/main/AndroidManifest.xml:38:13-59
62            android:value="1" />
62-->src/main/AndroidManifest.xml:39:13-30
63        <meta-data
63-->src/main/AndroidManifest.xml:40:9-42:59
64            android:name="com.google.android.gms.car.application"
64-->src/main/AndroidManifest.xml:41:13-66
65            android:resource="@xml/automotive_app_desc" />
65-->src/main/AndroidManifest.xml:42:13-56
66
67        <service
67-->[androidx.car.app:app-projected:1.4.0] AndroidManifest.xml:24:9-34:19
68            android:name="androidx.car.app.CarAppMetadataHolderService"
68-->[androidx.car.app:app-projected:1.4.0] AndroidManifest.xml:25:13-72
69            android:enabled="false"
69-->[androidx.car.app:app-projected:1.4.0] AndroidManifest.xml:26:13-36
70            android:exported="false"
70-->[androidx.car.app:app-projected:1.4.0] AndroidManifest.xml:27:13-37
71            android:process="" >
71-->[androidx.car.app:app-projected:1.4.0] AndroidManifest.xml:28:13-31
72            <meta-data
72-->[androidx.car.app:app-projected:1.4.0] AndroidManifest.xml:31:13-33:89
73                android:name="androidx.car.app.CarAppMetadataHolderService.CAR_HARDWARE_MANAGER"
73-->[androidx.car.app:app-projected:1.4.0] AndroidManifest.xml:32:17-97
74                android:value="androidx.car.app.hardware.ProjectedCarHardwareManager" />
74-->[androidx.car.app:app-projected:1.4.0] AndroidManifest.xml:33:17-86
75        </service>
76
77        <activity
77-->[androidx.car.app:app:1.4.0] AndroidManifest.xml:31:9-34:75
78            android:name="androidx.car.app.CarAppPermissionActivity"
78-->[androidx.car.app:app:1.4.0] AndroidManifest.xml:32:13-69
79            android:exported="false"
79-->[androidx.car.app:app:1.4.0] AndroidManifest.xml:33:13-37
80            android:theme="@android:style/Theme.Translucent.NoTitleBar" />
80-->[androidx.car.app:app:1.4.0] AndroidManifest.xml:34:13-72
81
82        <receiver
82-->[androidx.car.app:app:1.4.0] AndroidManifest.xml:36:9-38:40
83            android:name="androidx.car.app.notification.CarAppNotificationBroadcastReceiver"
83-->[androidx.car.app:app:1.4.0] AndroidManifest.xml:37:13-93
84            android:exported="false" />
84-->[androidx.car.app:app:1.4.0] AndroidManifest.xml:38:13-37
85
86        <activity
86-->[com.google.android.gms:play-services-base:18.0.1] AndroidManifest.xml:20:9-22:45
87            android:name="com.google.android.gms.common.api.GoogleApiActivity"
87-->[com.google.android.gms:play-services-base:18.0.1] AndroidManifest.xml:20:19-85
88            android:exported="false"
88-->[com.google.android.gms:play-services-base:18.0.1] AndroidManifest.xml:22:19-43
89            android:theme="@android:style/Theme.Translucent.NoTitleBar" />
89-->[com.google.android.gms:play-services-base:18.0.1] AndroidManifest.xml:21:19-78
90
91        <meta-data
91-->[com.google.android.gms:play-services-basement:18.0.0] AndroidManifest.xml:21:9-23:69
92            android:name="com.google.android.gms.version"
92-->[com.google.android.gms:play-services-basement:18.0.0] AndroidManifest.xml:22:13-58
93            android:value="@integer/google_play_services_version" />
93-->[com.google.android.gms:play-services-basement:18.0.0] AndroidManifest.xml:23:13-66
94
95        <provider
95-->[androidx.emoji2:emoji2:1.2.0] AndroidManifest.xml:24:9-32:20
96            android:name="androidx.startup.InitializationProvider"
96-->[androidx.emoji2:emoji2:1.2.0] AndroidManifest.xml:25:13-67
97            android:authorities="com.pixelspore.grefsenveien.androidx-startup"
97-->[androidx.emoji2:emoji2:1.2.0] AndroidManifest.xml:26:13-68
98            android:exported="false" >
98-->[androidx.emoji2:emoji2:1.2.0] AndroidManifest.xml:27:13-37
99            <meta-data
99-->[androidx.emoji2:emoji2:1.2.0] AndroidManifest.xml:29:13-31:52
100                android:name="androidx.emoji2.text.EmojiCompatInitializer"
100-->[androidx.emoji2:emoji2:1.2.0] AndroidManifest.xml:30:17-75
101                android:value="androidx.startup" />
101-->[androidx.emoji2:emoji2:1.2.0] AndroidManifest.xml:31:17-49
102            <meta-data
102-->[androidx.lifecycle:lifecycle-process:2.6.1] AndroidManifest.xml:29:13-31:52
103                android:name="androidx.lifecycle.ProcessLifecycleInitializer"
103-->[androidx.lifecycle:lifecycle-process:2.6.1] AndroidManifest.xml:30:17-78
104                android:value="androidx.startup" />
104-->[androidx.lifecycle:lifecycle-process:2.6.1] AndroidManifest.xml:31:17-49
105            <meta-data
105-->[androidx.profileinstaller:profileinstaller:1.3.0] AndroidManifest.xml:29:13-31:52
106                android:name="androidx.profileinstaller.ProfileInstallerInitializer"
106-->[androidx.profileinstaller:profileinstaller:1.3.0] AndroidManifest.xml:30:17-85
107                android:value="androidx.startup" />
107-->[androidx.profileinstaller:profileinstaller:1.3.0] AndroidManifest.xml:31:17-49
108        </provider>
109
110        <receiver
110-->[androidx.profileinstaller:profileinstaller:1.3.0] AndroidManifest.xml:34:9-52:20
111            android:name="androidx.profileinstaller.ProfileInstallReceiver"
111-->[androidx.profileinstaller:profileinstaller:1.3.0] AndroidManifest.xml:35:13-76
112            android:directBootAware="false"
112-->[androidx.profileinstaller:profileinstaller:1.3.0] AndroidManifest.xml:36:13-44
113            android:enabled="true"
113-->[androidx.profileinstaller:profileinstaller:1.3.0] AndroidManifest.xml:37:13-35
114            android:exported="true"
114-->[androidx.profileinstaller:profileinstaller:1.3.0] AndroidManifest.xml:38:13-36
115            android:permission="android.permission.DUMP" >
115-->[androidx.profileinstaller:profileinstaller:1.3.0] AndroidManifest.xml:39:13-57
116            <intent-filter>
116-->[androidx.profileinstaller:profileinstaller:1.3.0] AndroidManifest.xml:40:13-42:29
117                <action android:name="androidx.profileinstaller.action.INSTALL_PROFILE" />
117-->[androidx.profileinstaller:profileinstaller:1.3.0] AndroidManifest.xml:41:17-91
117-->[androidx.profileinstaller:profileinstaller:1.3.0] AndroidManifest.xml:41:25-88
118            </intent-filter>
119            <intent-filter>
119-->[androidx.profileinstaller:profileinstaller:1.3.0] AndroidManifest.xml:43:13-45:29
120                <action android:name="androidx.profileinstaller.action.SKIP_FILE" />
120-->[androidx.profileinstaller:profileinstaller:1.3.0] AndroidManifest.xml:44:17-85
120-->[androidx.profileinstaller:profileinstaller:1.3.0] AndroidManifest.xml:44:25-82
121            </intent-filter>
122            <intent-filter>
122-->[androidx.profileinstaller:profileinstaller:1.3.0] AndroidManifest.xml:46:13-48:29
123                <action android:name="androidx.profileinstaller.action.SAVE_PROFILE" />
123-->[androidx.profileinstaller:profileinstaller:1.3.0] AndroidManifest.xml:47:17-88
123-->[androidx.profileinstaller:profileinstaller:1.3.0] AndroidManifest.xml:47:25-85
124            </intent-filter>
125            <intent-filter>
125-->[androidx.profileinstaller:profileinstaller:1.3.0] AndroidManifest.xml:49:13-51:29
126                <action android:name="androidx.profileinstaller.action.BENCHMARK_OPERATION" />
126-->[androidx.profileinstaller:profileinstaller:1.3.0] AndroidManifest.xml:50:17-95
126-->[androidx.profileinstaller:profileinstaller:1.3.0] AndroidManifest.xml:50:25-92
127            </intent-filter>
128        </receiver>
129    </application>
130
131</manifest>